<?xml version="1.0" encoding="UTF-8"?>
<!-- Generated by org.testng.reporters.JUnitXMLReporter -->
<testsuite ignored="0" hostname="DESKTOP-HC18IFA" failures="1" tests="4" name="Dependency Test" time="0.022" errors="0" timestamp="2021-01-29T00:29:05 EST">
  <testcase classname="testngpackage.class3" name="douserReg" time="0.002">
    <failure type="java.lang.AssertionError" message="failing user registration">
      <![CDATA[java.lang.AssertionError: failing user registration
at testngpackage.class3.douserReg(class3.java:12)
at java.base/java.util.ArrayList.forEach(ArrayList.java:1511)
... Removed 29 stack frames]]>
    </failure>
  </testcase> <!-- douserReg -->
  <testcase classname="testngpackage.class3" name="douserLogin" time="0.0">
    <skipped/>
  </testcase> <!-- douserLogin -->
  <testcase classname="testngpackage.class3" name="method3" time="0.002"/>
  <testcase classname="testngpackage.class3" name="method4" time="0.0">
    <skipped/>
  </testcase> <!-- method4 -->
</testsuite> <!-- Dependency Test -->
