<?xml version="1.0" encoding="UTF-8"?>
<!-- Generated by org.testng.reporters.JUnitXMLReporter -->
<testsuite ignored="0" hostname="DESKTOP-HC18IFA" failures="1" tests="1" name="validate Title Test" time="0.014" errors="0" timestamp="2021-01-29T00:29:05 EST">
  <testcase classname="testngpackage.class2" name="validateTitles" time="0.005">
    <failure type="java.lang.AssertionError" message="expected [Yahoo.com] but found [Gmail.com]">
      <![CDATA[java.lang.AssertionError: expected [Yahoo.com] but found [Gmail.com]
at testngpackage.class2.validateTitles(class2.java:20)
at java.base/java.util.ArrayList.forEach(ArrayList.java:1511)
... Removed 34 stack frames]]>
    </failure>
  </testcase> <!-- validateTitles -->
</testsuite> <!-- validate Title Test -->
