<?xml version="1.0" encoding="UTF-8"?>
<!-- Generated by org.testng.reporters.JUnitXMLReporter -->
<testsuite ignored="3" hostname="DESKTOP-HC18IFA" failures="0" tests="1" name=" Dependency Test" time="0.008" errors="0" timestamp="2021-03-01T00:24:09 EST">
  <testcase classname="testngpackage.class3" name="method4" time="0.001"/>
  <testcase classname="testngpackage.class3" name="douserReg" time="0.0">
    <ignored/>
  </testcase> <!-- douserReg -->
  <testcase classname="testngpackage.class3" name="method3" time="0.0">
    <ignored/>
  </testcase> <!-- method3 -->
  <testcase classname="testngpackage.class3" name="douserLogin" time="0.0">
    <ignored/>
  </testcase> <!-- douserLogin -->
</testsuite> <!--  Dependency Test -->
