<?xml version="1.0" encoding="UTF-8"?>
<!-- Generated by org.testng.reporters.JUnitXMLReporter -->
<testsuite ignored="1" hostname="DESKTOP-HC18IFA" failures="4" tests="16" name="Test" time="0.161" errors="0" timestamp="2021-01-29T01:13:27 EST">
  <testcase classname="testgroups.class2" name="validateTitles" time="0.01">
    <failure type="java.lang.AssertionError" message="expected [Yahoo.com] but found [Gmail.com]">
      <![CDATA[java.lang.AssertionError: expected [Yahoo.com] but found [Gmail.com]
at testgroups.class2.validateTitles(class2.java:20)
at java.base/java.util.ArrayList.forEach(ArrayList.java:1511)
... Removed 33 stack frames]]>
    </failure>
  </testcase> <!-- validateTitles -->
  <testcase classname="testgroups.class3" name="douserReg" time="0.001">
    <failure type="java.lang.AssertionError" message="failing user registration">
      <![CDATA[java.lang.AssertionError: failing user registration
at testgroups.class3.douserReg(class3.java:12)
at java.base/java.util.ArrayList.forEach(ArrayList.java:1511)
... Removed 28 stack frames]]>
    </failure>
  </testcase> <!-- douserReg -->
  <testcase classname="testgroups.class3" name="douserLogin" time="0.0">
    <skipped/>
  </testcase> <!-- douserLogin -->
  <testcase classname="testgroups.class3" name="method3" time="0.001"/>
  <testcase classname="testgroups.class3" name="method4" time="0.0">
    <skipped/>
  </testcase> <!-- method4 -->
  <testcase classname="testngpackage.class2" name="validateTitles" time="0.002">
    <failure type="java.lang.AssertionError" message="expected [Yahoo.com] but found [Gmail.com]">
      <![CDATA[java.lang.AssertionError: expected [Yahoo.com] but found [Gmail.com]
at testngpackage.class2.validateTitles(class2.java:20)
at java.base/java.util.ArrayList.forEach(ArrayList.java:1511)
... Removed 33 stack frames]]>
    </failure>
  </testcase> <!-- validateTitles -->
  <testcase classname="regression.class2" name="validateTitles" time="0.002">
    <failure type="java.lang.AssertionError" message="expected [Yahoo.com] but found [Gmail.com]">
      <![CDATA[java.lang.AssertionError: expected [Yahoo.com] but found [Gmail.com]
at regression.class2.validateTitles(class2.java:20)
at java.base/java.util.ArrayList.forEach(ArrayList.java:1511)
... Removed 33 stack frames]]>
    </failure>
  </testcase> <!-- validateTitles -->
  <testcase classname="testngpackage.class3" name="douserReg" time="0.001"/>
  <testcase classname="testngpackage.class3" name="douserLogin" time="0.001"/>
  <testcase classname="testngpackage.class3" name="method3" time="0.002"/>
  <testcase classname="testgroups.testngclass" name="douserReg" time="0.001"/>
  <testcase classname="testgroups.testngclass" name="douserLogin" time="0.001"/>
  <testcase classname="regression.testngclass" name="douserReg" time="0.002"/>
  <testcase classname="regression.testngclass" name="douserLogin" time="0.001"/>
  <testcase classname="testngpackage.testngclass" name="douserReg" time="0.001"/>
  <testcase classname="testngpackage.testngclass" name="douserLogin" time="0.001"/>
  <testcase classname="testngpackage.class3" name="method4" time="0.0">
    <ignored/>
  </testcase> <!-- method4 -->
</testsuite> <!-- Test -->
